2020-07-29 21-53-58 begin
2020-07-29 21-54-01 blockMesh
2020-07-29 21-54-02 setFields
2020-07-29 21-54-04 funkySetFields
2020-07-29 21-54-09 decomposePar
2020-07-29 21-54-10 rhoCentralFoam
2020-07-29 21-54-10 reconstructPar
2020-07-29 21-54-15 foamToVTK
2020-07-30 20-32-44 AllClean====================================
2020-07-30 21-21-31 
2020-07-30 21-22-04 
2020-07-30 21-26-59 AllClean====================================
2020-07-30 21-28-14 begin
2020-07-30 21-28-17 blockMesh
2020-07-30 21-28-18 setFields
2020-07-30 21-28-23 funkySetFields
2020-07-30 21-28-28 decomposePar
2020-07-30 21-28-29 reconstructPar
2020-07-30 21-28-35 foamToVTK
2020-07-30 21-28-39 AllClean====================================
